AAFD851118Missing something
Cannot updateAAFD851118Missing something
Cannot update
ReturningAAAJ410118
Cannot update
ReturningAAER600805
AABS460521
Cannot update
ReturningAABS460521
AABS460521
Cannot update
ReturningAABS4605211544182372 
AABS4605211544182372 
Cannot update1544182373 
Returninghttp://localhost:6789/ipn-awards/Back-End/PHP/confirmAssistance.php?rfc=AABS460521&code=891f42803804f3bbbc8878a8f7d028ac1544182373 AABS4605211544182459 
AAFD8511181544182459 
Cannot update1544182460 
Returninghttp://localhost:6789/ipn-awards/Back-End/PHP/confirmAssistance.php?rfc=AAFD851118&code=7a35eadb17b2b9c8c69b20f1de6a09251544182460 AAFD8511181544182542 
AAGG5704041544182542 
Cannot update1544182542 
Returninghttp://localhost:6789/ipn-awards/Back-End/PHP/confirmacion.php?rfc=AAGG570404&code=59dd38732184d8e7609cbb5927f0bee61544182543 AAGG5704041544182643 
AAMA5805021544182643 
Cannot update1544182644 
Returninghttp://localhost:6789/ipn-awards/Back-End/PHP/confirmacion.php?rfc=AAMA580502&code=a16c6a8f718ccdade9ce1eacdb05ce021544182644 AAMA5805021544182709 
AALE8609221544182709 
Cannot update1544182709 
Returninghttp://localhost:6789/ipn-awards/Front-End/confirmacion.php?rfc=AALE860922&code=d1d9a649f6a02ff3ec5014e7f355a8ae1544182709 AALE8609221544182771 
AAIA8103121544182771 
Cannot update1544182771 
Returninghttp://localhost:6789/ipn-awards/Front-End/confirmacion.php?rfc=AAIA810312&code=9717a443b8c17d700775221b2aebaa561544182771 AAIA8103121544183140 
AAMJ4702151544183140 AAMJ4702151544183140 Missing something

1544183218 
AASA570727

1544183218 AASA570727

1544183218 Missing something

1544183296 
AAMA580502

1544183296 
175ada2aab194d8

1544183296 AAMA580502

1544183296 Missing something

1544183410 
AASA570727

1544183410 
06abe9c60e2016f

1544183410 AASA570727

1544183410 Missing pdf1544183708 
AAOE5307151544183708 
Cannot update1544183708 
Returninghttp://localhost:6789/ipn-awards/Front-End/confirmacion.php?rfc=AAOE530715&code=226a04350cefcfbea4253e9dd141959e

1544183708 AAOE530715

1544183824 
AARE791201

1544183824 
7ec3b7e3ef2ef4f

1544183824 
Updating

1544183825 
Returninghttp://localhost:6789/ipn-awards/Front-End/confirmacion.php?rfc=AARE791201&code=7ec3b7e3ef2ef4f

1544183825 AARE791201

1544184316 Received... ajgheku

1544184316 Received... <p>awhekgaw</p>

1544184316 Email Created

1544184316 Adding...Edith Yuliana Amador López AALE860922@einrot.com

1544184316 All awardeds added

1544184316 Sending...

 INSERT INTO awarded VALUES ('ajsgekj', 'agih','kangej', 'gehh', 'ageh@aghei.com', null, null, 0, 0, 6, 1)

1544209491 Received... weahgkhewu

1544209491 Received... <p>sakjdhgjkaeh</p>

1544209491 Email Created

1544209491 Adding...Daniel Álvarez Fuentes AAFD851118@einrot.com

1544209491 Adding...José Antonio Andrade Morales AAMA580502@einrot.com

1544209491 All awardeds added

1544209491 Sending...